{"level":"debug","message":"⚡️[server]: Server is running at https://localhost:8080"}
{"level":"debug","message":"⚡️[server]: Server is running at https://localhost:8080"}
{"level":"error","message":"[POST] /account/login"}
{"level":"error","message":"[POST] /account/login"}
{"level":"error","message":"[POST] /account/login"}
{"level":"error","message":"[POST] /account/login"}
{"level":"error","message":"[POST] /account/login"}
{"level":"error","message":"[POST] /account/login"}
{"level":"error","message":"[POST] /account/login"}
{"level":"error","message":"FirebaseError: Firebase: Error (auth/invalid-login-credentials).\n    at createErrorInternal (C:\\Users\\ulvi\\Desktop\\AppNationCase\\Backend\\node_modules\\@firebase\\auth\\src\\core\\util\\assert.ts:137:7)\n    at _fail (C:\\Users\\ulvi\\Desktop\\AppNationCase\\Backend\\node_modules\\@firebase\\auth\\src\\core\\util\\assert.ts:65:28)\n    at C:\\Users\\ulvi\\Desktop\\AppNationCase\\Backend\\node_modules\\@firebase\\auth\\src\\api\\index.ts:196:9\n    at step (C:\\Users\\ulvi\\Desktop\\AppNationCase\\Backend\\node_modules\\tslib\\tslib.js:144:27)\n    at Object.next (C:\\Users\\ulvi\\Desktop\\AppNationCase\\Backend\\node_modules\\tslib\\tslib.js:125:57)\n    at fulfilled (C:\\Users\\ulvi\\Desktop\\AppNationCase\\Backend\\node_modules\\tslib\\tslib.js:115:62)\n    at processTicksAndRejections (node:internal/process/task_queues:95:5)"}
{"level":"error","message":"FirebaseError: Firebase: Error (auth/invalid-login-credentials).\n    at createErrorInternal (C:\\Users\\ulvi\\Desktop\\AppNationCase\\Backend\\node_modules\\@firebase\\auth\\src\\core\\util\\assert.ts:137:7)\n    at _fail (C:\\Users\\ulvi\\Desktop\\AppNationCase\\Backend\\node_modules\\@firebase\\auth\\src\\core\\util\\assert.ts:65:28)\n    at C:\\Users\\ulvi\\Desktop\\AppNationCase\\Backend\\node_modules\\@firebase\\auth\\src\\api\\index.ts:196:9\n    at step (C:\\Users\\ulvi\\Desktop\\AppNationCase\\Backend\\node_modules\\tslib\\tslib.js:144:27)\n    at Object.next (C:\\Users\\ulvi\\Desktop\\AppNationCase\\Backend\\node_modules\\tslib\\tslib.js:125:57)\n    at fulfilled (C:\\Users\\ulvi\\Desktop\\AppNationCase\\Backend\\node_modules\\tslib\\tslib.js:115:62)\n    at processTicksAndRejections (node:internal/process/task_queues:95:5)"}
{"level":"error","message":"FirebaseError: Firebase: Error (auth/invalid-login-credentials).\n    at createErrorInternal (C:\\Users\\ulvi\\Desktop\\AppNationCase\\Backend\\node_modules\\@firebase\\auth\\src\\core\\util\\assert.ts:137:7)\n    at _fail (C:\\Users\\ulvi\\Desktop\\AppNationCase\\Backend\\node_modules\\@firebase\\auth\\src\\core\\util\\assert.ts:65:28)\n    at C:\\Users\\ulvi\\Desktop\\AppNationCase\\Backend\\node_modules\\@firebase\\auth\\src\\api\\index.ts:196:9\n    at step (C:\\Users\\ulvi\\Desktop\\AppNationCase\\Backend\\node_modules\\tslib\\tslib.js:144:27)\n    at Object.next (C:\\Users\\ulvi\\Desktop\\AppNationCase\\Backend\\node_modules\\tslib\\tslib.js:125:57)\n    at fulfilled (C:\\Users\\ulvi\\Desktop\\AppNationCase\\Backend\\node_modules\\tslib\\tslib.js:115:62)\n    at processTicksAndRejections (node:internal/process/task_queues:95:5)"}
{"level":"error","message":"FirebaseError: Firebase: Error (auth/invalid-login-credentials).\n    at createErrorInternal (C:\\Users\\ulvi\\Desktop\\AppNationCase\\Backend\\node_modules\\@firebase\\auth\\src\\core\\util\\assert.ts:137:7)\n    at _fail (C:\\Users\\ulvi\\Desktop\\AppNationCase\\Backend\\node_modules\\@firebase\\auth\\src\\core\\util\\assert.ts:65:28)\n    at C:\\Users\\ulvi\\Desktop\\AppNationCase\\Backend\\node_modules\\@firebase\\auth\\src\\api\\index.ts:196:9\n    at step (C:\\Users\\ulvi\\Desktop\\AppNationCase\\Backend\\node_modules\\tslib\\tslib.js:144:27)\n    at Object.next (C:\\Users\\ulvi\\Desktop\\AppNationCase\\Backend\\node_modules\\tslib\\tslib.js:125:57)\n    at fulfilled (C:\\Users\\ulvi\\Desktop\\AppNationCase\\Backend\\node_modules\\tslib\\tslib.js:115:62)\n    at processTicksAndRejections (node:internal/process/task_queues:95:5)"}
{"level":"error","message":"FirebaseError: Firebase: Error (auth/invalid-login-credentials).\n    at createErrorInternal (C:\\Users\\ulvi\\Desktop\\AppNationCase\\Backend\\node_modules\\@firebase\\auth\\src\\core\\util\\assert.ts:137:7)\n    at _fail (C:\\Users\\ulvi\\Desktop\\AppNationCase\\Backend\\node_modules\\@firebase\\auth\\src\\core\\util\\assert.ts:65:28)\n    at C:\\Users\\ulvi\\Desktop\\AppNationCase\\Backend\\node_modules\\@firebase\\auth\\src\\api\\index.ts:196:9\n    at step (C:\\Users\\ulvi\\Desktop\\AppNationCase\\Backend\\node_modules\\tslib\\tslib.js:144:27)\n    at Object.next (C:\\Users\\ulvi\\Desktop\\AppNationCase\\Backend\\node_modules\\tslib\\tslib.js:125:57)\n    at fulfilled (C:\\Users\\ulvi\\Desktop\\AppNationCase\\Backend\\node_modules\\tslib\\tslib.js:115:62)\n    at processTicksAndRejections (node:internal/process/task_queues:95:5)"}
{"level":"error","message":"FirebaseError: Firebase: Error (auth/invalid-login-credentials).\n    at createErrorInternal (C:\\Users\\ulvi\\Desktop\\AppNationCase\\Backend\\node_modules\\@firebase\\auth\\src\\core\\util\\assert.ts:137:7)\n    at _fail (C:\\Users\\ulvi\\Desktop\\AppNationCase\\Backend\\node_modules\\@firebase\\auth\\src\\core\\util\\assert.ts:65:28)\n    at C:\\Users\\ulvi\\Desktop\\AppNationCase\\Backend\\node_modules\\@firebase\\auth\\src\\api\\index.ts:196:9\n    at step (C:\\Users\\ulvi\\Desktop\\AppNationCase\\Backend\\node_modules\\tslib\\tslib.js:144:27)\n    at Object.next (C:\\Users\\ulvi\\Desktop\\AppNationCase\\Backend\\node_modules\\tslib\\tslib.js:125:57)\n    at fulfilled (C:\\Users\\ulvi\\Desktop\\AppNationCase\\Backend\\node_modules\\tslib\\tslib.js:115:62)\n    at processTicksAndRejections (node:internal/process/task_queues:95:5)"}
{"level":"error","message":"FirebaseError: Firebase: Error (auth/invalid-login-credentials).\n    at createErrorInternal (C:\\Users\\ulvi\\Desktop\\AppNationCase\\Backend\\node_modules\\@firebase\\auth\\src\\core\\util\\assert.ts:137:7)\n    at _fail (C:\\Users\\ulvi\\Desktop\\AppNationCase\\Backend\\node_modules\\@firebase\\auth\\src\\core\\util\\assert.ts:65:28)\n    at C:\\Users\\ulvi\\Desktop\\AppNationCase\\Backend\\node_modules\\@firebase\\auth\\src\\api\\index.ts:196:9\n    at step (C:\\Users\\ulvi\\Desktop\\AppNationCase\\Backend\\node_modules\\tslib\\tslib.js:144:27)\n    at Object.next (C:\\Users\\ulvi\\Desktop\\AppNationCase\\Backend\\node_modules\\tslib\\tslib.js:125:57)\n    at fulfilled (C:\\Users\\ulvi\\Desktop\\AppNationCase\\Backend\\node_modules\\tslib\\tslib.js:115:62)\n    at processTicksAndRejections (node:internal/process/task_queues:95:5)"}
{"level":"debug","message":"⚡️[server]: Server is running at https://localhost:8080"}
{"level":"debug","message":"⚡️[server]: Server is running at https://localhost:8080"}
{"level":"debug","message":"⚡️[server]: Server is running at https://localhost:8080"}
{"level":"debug","message":"⚡️[server]: Server is running at https://localhost:8080"}
{"level":"debug","message":"⚡️[server]: Server is running at https://localhost:8080"}
{"level":"debug","message":"⚡️[server]: Server is running at https://localhost:8080"}
{"level":"debug","message":"⚡️[server]: Server is running at https://localhost:8080"}
{"level":"debug","message":"⚡️[server]: Server is running at https://localhost:8080"}
{"level":"debug","message":"⚡️[server]: Server is running at https://localhost:8080"}
{"level":"debug","message":"⚡️[server]: Server is running at https://localhost:8080"}
{"level":"debug","message":"⚡️[server]: Server is running at https://localhost:8080"}
{"level":"debug","message":"⚡️[server]: Server is running at https://localhost:8080"}
{"level":"debug","message":"⚡️[server]: Server is running at https://localhost:8080"}
{"level":"debug","message":"⚡️[server]: Server is running at https://localhost:8080"}
{"level":"debug","message":"⚡️[server]: Server is running at https://localhost:8080"}
{"level":"debug","message":"⚡️[server]: Server is running at https://localhost:8080"}
{"level":"debug","message":"⚡️[server]: Server is running at https://localhost:8080"}
{"level":"debug","message":"⚡️[server]: Server is running at https://localhost:8080"}
{"level":"debug","message":"⚡️[server]: Server is running at https://localhost:8080"}
{"level":"debug","message":"⚡️[server]: Server is running at https://localhost:8080"}
{"level":"debug","message":"⚡️[server]: Server is running at https://localhost:8080"}
{"level":"debug","message":"⚡️[server]: Server is running at https://localhost:8080"}
{"level":"debug","message":"⚡️[server]: Server is running at https://localhost:8080"}
{"level":"debug","message":"⚡️[server]: Server is running at https://localhost:8080"}
{"level":"debug","message":"⚡️[server]: Server is running at https://localhost:8080"}
{"level":"debug","message":"⚡️[server]: Server is running at https://localhost:8080"}
{"level":"debug","message":"⚡️[server]: Server is running at https://localhost:8080"}
{"level":"debug","message":"⚡️[server]: Server is running at https://localhost:8080"}
{"level":"debug","message":"⚡️[server]: Server is running at https://localhost:8080"}
{"level":"debug","message":"⚡️[server]: Server is running at https://localhost:8080"}
{"level":"debug","message":"⚡️[server]: Server is running at https://localhost:8080"}
{"level":"debug","message":"⚡️[server]: Server is running at https://localhost:8080"}
{"level":"debug","message":"⚡️[server]: Server is running at https://localhost:8080"}
{"level":"debug","message":"⚡️[server]: Server is running at https://localhost:8080"}
{"level":"debug","message":"⚡️[server]: Server is running at https://localhost:8080"}
{"level":"debug","message":"⚡️[server]: Server is running at https://localhost:8080"}
{"level":"debug","message":"⚡️[server]: Server is running at https://localhost:8080"}
{"level":"debug","message":"⚡️[server]: Server is running at https://localhost:8080"}
{"level":"debug","message":"⚡️[server]: Server is running at https://localhost:8080"}
{"level":"debug","message":"⚡️[server]: Server is running at https://localhost:8080"}
{"level":"debug","message":"⚡️[server]: Server is running at https://localhost:8080"}
{"level":"debug","message":"⚡️[server]: Server is running at https://localhost:8080"}
{"level":"debug","message":"⚡️[server]: Server is running at https://localhost:8080"}
{"level":"debug","message":"⚡️[server]: Server is running at https://localhost:8080"}
{"level":"debug","message":"⚡️[server]: Server is running at https://localhost:8080"}
{"level":"debug","message":"⚡️[server]: Server is running at https://localhost:8080"}
{"level":"debug","message":"⚡️[server]: Server is running at https://localhost:8080"}
{"level":"debug","message":"⚡️[server]: Server is running at https://localhost:8080"}
{"level":"debug","message":"⚡️[server]: Server is running at https://localhost:8080"}
{"level":"debug","message":"⚡️[server]: Server is running at https://localhost:8080"}
{"level":"debug","message":"⚡️[server]: Server is running at https://localhost:8080"}
{"level":"debug","message":"⚡️[server]: Server is running at https://localhost:8080"}
{"level":"debug","message":"⚡️[server]: Server is running at https://localhost:8080"}
{"level":"debug","message":"⚡️[server]: Server is running at https://localhost:8080"}
{"level":"debug","message":"⚡️[server]: Server is running at https://localhost:8080"}
{"level":"debug","message":"⚡️[server]: Server is running at https://localhost:8080"}
{"level":"debug","message":"⚡️[server]: Server is running at https://localhost:8080"}
{"level":"debug","message":"⚡️[server]: Server is running at https://localhost:8080"}
{"level":"debug","message":"⚡️[server]: Server is running at https://localhost:8080"}
{"level":"debug","message":"⚡️[server]: Server is running at https://localhost:8080"}
{"level":"debug","message":"⚡️[server]: Server is running at https://localhost:8080"}
{"level":"debug","message":"⚡️[server]: Server is running at https://localhost:8080"}
{"level":"debug","message":"⚡️[server]: Server is running at https://localhost:8080"}
{"level":"debug","message":"⚡️[server]: Server is running at https://localhost:8080"}
{"level":"debug","message":"⚡️[server]: Server is running at https://localhost:8080"}
{"level":"debug","message":"⚡️[server]: Server is running at https://localhost:8080"}
{"level":"debug","message":"⚡️[server]: Server is running at https://localhost:8080"}
{"level":"debug","message":"⚡️[server]: Server is running at https://localhost:8080"}
{"level":"debug","message":"⚡️[server]: Server is running at https://localhost:8080"}
{"level":"debug","message":"⚡️[server]: Server is running at https://localhost:8080"}
{"level":"debug","message":"⚡️[server]: Server is running at https://localhost:8080"}
{"level":"debug","message":"⚡️[server]: Server is running at https://localhost:8080"}
{"level":"debug","message":"⚡️[server]: Server is running at https://localhost:8080"}
{"level":"debug","message":"⚡️[server]: Server is running at https://localhost:8080"}
{"level":"debug","message":"⚡️[server]: Server is running at https://localhost:8080"}
{"level":"debug","message":"⚡️[server]: Server is running at https://localhost:8080"}
{"level":"debug","message":"⚡️[server]: Server is running at https://localhost:8080"}
{"level":"debug","message":"⚡️[server]: Server is running at https://localhost:8080"}
{"level":"debug","message":"⚡️[server]: Server is running at https://localhost:8080"}
{"level":"debug","message":"⚡️[server]: Server is running at https://localhost:8080"}
{"level":"debug","message":"⚡️[server]: Server is running at https://localhost:8080"}
{"level":"debug","message":"⚡️[server]: Server is running at https://localhost:8080"}
{"level":"debug","message":"⚡️[server]: Server is running at https://localhost:8080"}
{"level":"debug","message":"⚡️[server]: Server is running at https://localhost:8080"}
{"level":"debug","message":"⚡️[server]: Server is running at https://localhost:8080"}
{"level":"debug","message":"⚡️[server]: Server is running at https://localhost:8080"}
{"level":"error","message":"[POST] /account/login"}
{"level":"error","message":"[POST] /account/login"}
{"level":"error","message":"[POST] /account/login"}
{"level":"error","message":"[POST] /account/login"}
{"level":"error","message":"[POST] /account/login"}
{"level":"error","message":"[POST] /account/login"}
{"level":"error","message":"[POST] /account/login"}
{"level":"error","message":"FirebaseError: Firebase: Error (auth/invalid-login-credentials).\n    at createErrorInternal (C:\\Users\\ulvi\\Desktop\\AppNationCase\\Backend\\node_modules\\@firebase\\auth\\src\\core\\util\\assert.ts:137:7)\n    at _fail (C:\\Users\\ulvi\\Desktop\\AppNationCase\\Backend\\node_modules\\@firebase\\auth\\src\\core\\util\\assert.ts:65:28)\n    at C:\\Users\\ulvi\\Desktop\\AppNationCase\\Backend\\node_modules\\@firebase\\auth\\src\\api\\index.ts:196:9\n    at step (C:\\Users\\ulvi\\Desktop\\AppNationCase\\Backend\\node_modules\\tslib\\tslib.js:144:27)\n    at Object.next (C:\\Users\\ulvi\\Desktop\\AppNationCase\\Backend\\node_modules\\tslib\\tslib.js:125:57)\n    at fulfilled (C:\\Users\\ulvi\\Desktop\\AppNationCase\\Backend\\node_modules\\tslib\\tslib.js:115:62)\n    at processTicksAndRejections (node:internal/process/task_queues:95:5)"}
{"level":"error","message":"FirebaseError: Firebase: Error (auth/invalid-login-credentials).\n    at createErrorInternal (C:\\Users\\ulvi\\Desktop\\AppNationCase\\Backend\\node_modules\\@firebase\\auth\\src\\core\\util\\assert.ts:137:7)\n    at _fail (C:\\Users\\ulvi\\Desktop\\AppNationCase\\Backend\\node_modules\\@firebase\\auth\\src\\core\\util\\assert.ts:65:28)\n    at C:\\Users\\ulvi\\Desktop\\AppNationCase\\Backend\\node_modules\\@firebase\\auth\\src\\api\\index.ts:196:9\n    at step (C:\\Users\\ulvi\\Desktop\\AppNationCase\\Backend\\node_modules\\tslib\\tslib.js:144:27)\n    at Object.next (C:\\Users\\ulvi\\Desktop\\AppNationCase\\Backend\\node_modules\\tslib\\tslib.js:125:57)\n    at fulfilled (C:\\Users\\ulvi\\Desktop\\AppNationCase\\Backend\\node_modules\\tslib\\tslib.js:115:62)\n    at processTicksAndRejections (node:internal/process/task_queues:95:5)"}
{"level":"error","message":"FirebaseError: Firebase: Error (auth/invalid-login-credentials).\n    at createErrorInternal (C:\\Users\\ulvi\\Desktop\\AppNationCase\\Backend\\node_modules\\@firebase\\auth\\src\\core\\util\\assert.ts:137:7)\n    at _fail (C:\\Users\\ulvi\\Desktop\\AppNationCase\\Backend\\node_modules\\@firebase\\auth\\src\\core\\util\\assert.ts:65:28)\n    at C:\\Users\\ulvi\\Desktop\\AppNationCase\\Backend\\node_modules\\@firebase\\auth\\src\\api\\index.ts:196:9\n    at step (C:\\Users\\ulvi\\Desktop\\AppNationCase\\Backend\\node_modules\\tslib\\tslib.js:144:27)\n    at Object.next (C:\\Users\\ulvi\\Desktop\\AppNationCase\\Backend\\node_modules\\tslib\\tslib.js:125:57)\n    at fulfilled (C:\\Users\\ulvi\\Desktop\\AppNationCase\\Backend\\node_modules\\tslib\\tslib.js:115:62)\n    at processTicksAndRejections (node:internal/process/task_queues:95:5)"}
{"level":"error","message":"FirebaseError: Firebase: Error (auth/invalid-login-credentials).\n    at createErrorInternal (C:\\Users\\ulvi\\Desktop\\AppNationCase\\Backend\\node_modules\\@firebase\\auth\\src\\core\\util\\assert.ts:137:7)\n    at _fail (C:\\Users\\ulvi\\Desktop\\AppNationCase\\Backend\\node_modules\\@firebase\\auth\\src\\core\\util\\assert.ts:65:28)\n    at C:\\Users\\ulvi\\Desktop\\AppNationCase\\Backend\\node_modules\\@firebase\\auth\\src\\api\\index.ts:196:9\n    at step (C:\\Users\\ulvi\\Desktop\\AppNationCase\\Backend\\node_modules\\tslib\\tslib.js:144:27)\n    at Object.next (C:\\Users\\ulvi\\Desktop\\AppNationCase\\Backend\\node_modules\\tslib\\tslib.js:125:57)\n    at fulfilled (C:\\Users\\ulvi\\Desktop\\AppNationCase\\Backend\\node_modules\\tslib\\tslib.js:115:62)\n    at processTicksAndRejections (node:internal/process/task_queues:95:5)"}
{"level":"error","message":"FirebaseError: Firebase: Error (auth/invalid-login-credentials).\n    at createErrorInternal (C:\\Users\\ulvi\\Desktop\\AppNationCase\\Backend\\node_modules\\@firebase\\auth\\src\\core\\util\\assert.ts:137:7)\n    at _fail (C:\\Users\\ulvi\\Desktop\\AppNationCase\\Backend\\node_modules\\@firebase\\auth\\src\\core\\util\\assert.ts:65:28)\n    at C:\\Users\\ulvi\\Desktop\\AppNationCase\\Backend\\node_modules\\@firebase\\auth\\src\\api\\index.ts:196:9\n    at step (C:\\Users\\ulvi\\Desktop\\AppNationCase\\Backend\\node_modules\\tslib\\tslib.js:144:27)\n    at Object.next (C:\\Users\\ulvi\\Desktop\\AppNationCase\\Backend\\node_modules\\tslib\\tslib.js:125:57)\n    at fulfilled (C:\\Users\\ulvi\\Desktop\\AppNationCase\\Backend\\node_modules\\tslib\\tslib.js:115:62)\n    at processTicksAndRejections (node:internal/process/task_queues:95:5)"}
{"level":"error","message":"FirebaseError: Firebase: Error (auth/invalid-login-credentials).\n    at createErrorInternal (C:\\Users\\ulvi\\Desktop\\AppNationCase\\Backend\\node_modules\\@firebase\\auth\\src\\core\\util\\assert.ts:137:7)\n    at _fail (C:\\Users\\ulvi\\Desktop\\AppNationCase\\Backend\\node_modules\\@firebase\\auth\\src\\core\\util\\assert.ts:65:28)\n    at C:\\Users\\ulvi\\Desktop\\AppNationCase\\Backend\\node_modules\\@firebase\\auth\\src\\api\\index.ts:196:9\n    at step (C:\\Users\\ulvi\\Desktop\\AppNationCase\\Backend\\node_modules\\tslib\\tslib.js:144:27)\n    at Object.next (C:\\Users\\ulvi\\Desktop\\AppNationCase\\Backend\\node_modules\\tslib\\tslib.js:125:57)\n    at fulfilled (C:\\Users\\ulvi\\Desktop\\AppNationCase\\Backend\\node_modules\\tslib\\tslib.js:115:62)\n    at processTicksAndRejections (node:internal/process/task_queues:95:5)"}
{"level":"error","message":"FirebaseError: Firebase: Error (auth/invalid-login-credentials).\n    at createErrorInternal (C:\\Users\\ulvi\\Desktop\\AppNationCase\\Backend\\node_modules\\@firebase\\auth\\src\\core\\util\\assert.ts:137:7)\n    at _fail (C:\\Users\\ulvi\\Desktop\\AppNationCase\\Backend\\node_modules\\@firebase\\auth\\src\\core\\util\\assert.ts:65:28)\n    at C:\\Users\\ulvi\\Desktop\\AppNationCase\\Backend\\node_modules\\@firebase\\auth\\src\\api\\index.ts:196:9\n    at step (C:\\Users\\ulvi\\Desktop\\AppNationCase\\Backend\\node_modules\\tslib\\tslib.js:144:27)\n    at Object.next (C:\\Users\\ulvi\\Desktop\\AppNationCase\\Backend\\node_modules\\tslib\\tslib.js:125:57)\n    at fulfilled (C:\\Users\\ulvi\\Desktop\\AppNationCase\\Backend\\node_modules\\tslib\\tslib.js:115:62)\n    at processTicksAndRejections (node:internal/process/task_queues:95:5)"}
{"level":"debug","message":"⚡️[server]: Server is running at https://localhost:8080"}
{"level":"debug","message":"⚡️[server]: Server is running at https://localhost:8080"}
{"level":"debug","message":"⚡️[server]: Server is running at https://localhost:8080"}
{"level":"debug","message":"⚡️[server]: Server is running at https://localhost:8080"}
{"level":"debug","message":"⚡️[server]: Server is running at https://localhost:8080"}
{"level":"debug","message":"⚡️[server]: Server is running at https://localhost:8080"}
{"level":"debug","message":"⚡️[server]: Server is running at https://localhost:8080"}
{"level":"debug","message":"⚡️[server]: Server is running at https://localhost:8080"}
{"level":"debug","message":"⚡️[server]: Server is running at https://localhost:8080"}
{"level":"debug","message":"⚡️[server]: Server is running at https://localhost:8080"}
{"level":"debug","message":"⚡️[server]: Server is running at https://localhost:8080"}
{"level":"debug","message":"⚡️[server]: Server is running at https://localhost:8080"}
{"level":"debug","message":"⚡️[server]: Server is running at https://localhost:8080"}
{"level":"debug","message":"⚡️[server]: Server is running at https://localhost:8080"}
{"level":"debug","message":"⚡️[server]: Server is running at https://localhost:8080"}
{"level":"debug","message":"⚡️[server]: Server is running at https://localhost:8080"}
{"level":"debug","message":"⚡️[server]: Server is running at https://localhost:8080"}
{"level":"debug","message":"⚡️[server]: Server is running at https://localhost:8080"}
{"level":"debug","message":"⚡️[server]: Server is running at https://localhost:8080"}
{"level":"debug","message":"⚡️[server]: Server is running at https://localhost:8080"}
{"level":"debug","message":"⚡️[server]: Server is running at https://localhost:8080"}
{"level":"debug","message":"⚡️[server]: Server is running at https://localhost:8080"}
{"level":"debug","message":"⚡️[server]: Server is running at https://localhost:8080"}
{"level":"debug","message":"⚡️[server]: Server is running at https://localhost:8080"}
{"level":"debug","message":"⚡️[server]: Server is running at https://localhost:8080"}
{"level":"debug","message":"⚡️[server]: Server is running at https://localhost:8080"}
{"level":"debug","message":"⚡️[server]: Server is running at https://localhost:8080"}
{"level":"debug","message":"⚡️[server]: Server is running at https://localhost:8080"}
{"level":"debug","message":"⚡️[server]: Server is running at https://localhost:8080"}
{"level":"debug","message":"⚡️[server]: Server is running at https://localhost:8080"}
{"level":"debug","message":"⚡️[server]: Server is running at https://localhost:8080"}
{"level":"debug","message":"⚡️[server]: Server is running at https://localhost:8080"}
{"level":"debug","message":"⚡️[server]: Server is running at https://localhost:8080"}
{"level":"debug","message":"⚡️[server]: Server is running at https://localhost:8080"}
{"level":"debug","message":"⚡️[server]: Server is running at https://localhost:8080"}
{"level":"debug","message":"⚡️[server]: Server is running at https://localhost:8080"}
{"level":"debug","message":"⚡️[server]: Server is running at https://localhost:8080"}
{"level":"debug","message":"⚡️[server]: Server is running at https://localhost:8080"}
{"level":"debug","message":"⚡️[server]: Server is running at https://localhost:8080"}
{"level":"debug","message":"⚡️[server]: Server is running at https://localhost:8080"}
{"level":"debug","message":"⚡️[server]: Server is running at https://localhost:8080"}
{"level":"debug","message":"⚡️[server]: Server is running at https://localhost:8080"}
{"level":"debug","message":"⚡️[server]: Server is running at https://localhost:8080"}
{"level":"debug","message":"⚡️[server]: Server is running at https://localhost:8080"}
{"level":"debug","message":"⚡️[server]: Server is running at https://localhost:8080"}
{"level":"debug","message":"⚡️[server]: Server is running at https://localhost:8080"}
{"level":"debug","message":"⚡️[server]: Server is running at https://localhost:8080"}
{"level":"debug","message":"⚡️[server]: Server is running at https://localhost:8080"}
{"level":"debug","message":"⚡️[server]: Server is running at https://localhost:8080"}
{"level":"debug","message":"⚡️[server]: Server is running at https://localhost:8080"}
{"level":"debug","message":"⚡️[server]: Server is running at https://localhost:8080"}
{"level":"debug","message":"⚡️[server]: Server is running at https://localhost:8080"}
{"level":"debug","message":"⚡️[server]: Server is running at https://localhost:8080"}
{"level":"debug","message":"⚡️[server]: Server is running at https://localhost:8080"}
{"level":"debug","message":"⚡️[server]: Server is running at https://localhost:8080"}
{"level":"debug","message":"⚡️[server]: Server is running at https://localhost:8080"}
{"level":"debug","message":"⚡️[server]: Server is running at https://localhost:8080"}
{"level":"debug","message":"⚡️[server]: Server is running at https://localhost:8080"}
{"level":"debug","message":"⚡️[server]: Server is running at https://localhost:8080"}
{"level":"debug","message":"⚡️[server]: Server is running at https://localhost:8080"}
{"level":"debug","message":"⚡️[server]: Server is running at https://localhost:8080"}
{"level":"debug","message":"⚡️[server]: Server is running at https://localhost:8080"}
{"level":"debug","message":"⚡️[server]: Server is running at https://localhost:8080"}
{"level":"debug","message":"⚡️[server]: Server is running at https://localhost:8080"}
{"level":"debug","message":"⚡️[server]: Server is running at https://localhost:8080"}
{"level":"debug","message":"⚡️[server]: Server is running at https://localhost:8080"}
{"level":"debug","message":"⚡️[server]: Server is running at https://localhost:8080"}
{"level":"debug","message":"⚡️[server]: Server is running at https://localhost:8080"}
{"level":"debug","message":"⚡️[server]: Server is running at https://localhost:8080"}
{"level":"debug","message":"⚡️[server]: Server is running at https://localhost:8080"}
{"level":"debug","message":"⚡️[server]: Server is running at https://localhost:8080"}
{"level":"debug","message":"⚡️[server]: Server is running at https://localhost:8080"}
{"level":"debug","message":"⚡️[server]: Server is running at https://localhost:8080"}
{"level":"debug","message":"⚡️[server]: Server is running at https://localhost:8080"}
{"level":"debug","message":"⚡️[server]: Server is running at https://localhost:8080"}
{"level":"debug","message":"⚡️[server]: Server is running at https://localhost:8080"}
{"level":"debug","message":"⚡️[server]: Server is running at https://localhost:8080"}
{"level":"debug","message":"⚡️[server]: Server is running at https://localhost:8080"}
{"level":"debug","message":"⚡️[server]: Server is running at https://localhost:8080"}
{"level":"debug","message":"⚡️[server]: Server is running at https://localhost:8080"}
{"level":"debug","message":"⚡️[server]: Server is running at https://localhost:8080"}
{"level":"debug","message":"⚡️[server]: Server is running at https://localhost:8080"}
{"level":"debug","message":"⚡️[server]: Server is running at https://localhost:8080"}
{"level":"debug","message":"⚡️[server]: Server is running at https://localhost:8080"}
{"level":"debug","message":"⚡️[server]: Server is running at https://localhost:8080"}
{"level":"debug","message":"⚡️[server]: Server is running at https://localhost:8080"}
{"level":"debug","message":"⚡️[server]: Server is running at https://localhost:8080"}
{"level":"debug","message":"⚡️[server]: Server is running at https://localhost:8080"}
{"level":"debug","message":"⚡️[server]: Server is running at https://localhost:8080"}
{"level":"debug","message":"⚡️[server]: Server is running at https://localhost:8080"}
{"level":"debug","message":"⚡️[server]: Server is running at https://localhost:8080"}
{"level":"debug","message":"⚡️[server]: Server is running at https://localhost:8080"}
{"level":"debug","message":"⚡️[server]: Server is running at https://localhost:8080"}
{"level":"debug","message":"⚡️[server]: Server is running at https://localhost:8080"}
{"level":"debug","message":"⚡️[server]: Server is running at https://localhost:8080"}
{"level":"debug","message":"⚡️[server]: Server is running at https://localhost:8080"}
{"level":"debug","message":"⚡️[server]: Server is running at https://localhost:8080"}
{"level":"debug","message":"⚡️[server]: Server is running at https://localhost:8080"}
{"level":"debug","message":"⚡️[server]: Server is running at https://localhost:8080"}
{"level":"debug","message":"⚡️[server]: Server is running at https://localhost:8080"}
{"level":"debug","message":"⚡️[server]: Server is running at https://localhost:8080"}
{"level":"debug","message":"⚡️[server]: Server is running at https://localhost:8080"}
{"level":"debug","message":"⚡️[server]: Server is running at https://localhost:8080"}
{"level":"debug","message":"⚡️[server]: Server is running at https://localhost:8080"}
{"level":"debug","message":"⚡️[server]: Server is running at https://localhost:8080"}
{"level":"debug","message":"⚡️[server]: Server is running at https://localhost:8080"}
{"level":"error","message":"[PUT] /content/UXQFuDtlJrjcEYfmd6Po"}
{"level":"error","message":"[PUT] /content/UXQFuDtlJrjcEYfmd6Po"}
{"level":"error","message":"[PUT] /content/UXQFuDtlJrjcEYfmd6Po"}
{"level":"error","message":"[PUT] /content/UXQFuDtlJrjcEYfmd6Po"}
{"level":"error","message":"[PUT] /content/UXQFuDtlJrjcEYfmd6Po"}
{"level":"error","message":"[PUT] /content/UXQFuDtlJrjcEYfmd6Po"}
{"level":"error","message":"[PUT] /content/UXQFuDtlJrjcEYfmd6Po"}
{"level":"error","message":"Error: 5 NOT_FOUND: No document to update: projects/appnationcase/databases/(default)/documents/contents/UXQFuDtlJrjcEYfmd6Po\n    at Object.callErrorFromStatus (C:\\Users\\ulvi\\Desktop\\AppNationCase\\Backend\\node_modules\\@grpc\\grpc-js\\src\\call.ts:81:17)\n    at Object.onReceiveStatus (C:\\Users\\ulvi\\Desktop\\AppNationCase\\Backend\\node_modules\\@grpc\\grpc-js\\src\\client.ts:358:36)\n    at Object.onReceiveStatus (C:\\Users\\ulvi\\Desktop\\AppNationCase\\Backend\\node_modules\\@grpc\\grpc-js\\src\\client-interceptors.ts:462:34)\n    at Object.onReceiveStatus (C:\\Users\\ulvi\\Desktop\\AppNationCase\\Backend\\node_modules\\@grpc\\grpc-js\\src\\client-interceptors.ts:424:48)\n    at C:\\Users\\ulvi\\Desktop\\AppNationCase\\Backend\\node_modules\\@grpc\\grpc-js\\src\\call-stream.ts:330:24\n    at processTicksAndRejections (node:internal/process/task_queues:77:11)\nfor call at\n    at ServiceClientImpl.makeUnaryRequest (C:\\Users\\ulvi\\Desktop\\AppNationCase\\Backend\\node_modules\\@grpc\\grpc-js\\src\\client.ts:328:30)\n    at ServiceClientImpl.<anonymous> (C:\\Users\\ulvi\\Desktop\\AppNationCase\\Backend\\node_modules\\@grpc\\grpc-js\\src\\make-client.ts:189:15)\n    at C:\\Users\\ulvi\\Desktop\\AppNationCase\\Backend\\node_modules\\@google-cloud\\firestore\\build\\src\\v1\\firestore_client.js:225:29\n    at C:\\Users\\ulvi\\Desktop\\AppNationCase\\Backend\\node_modules\\google-gax\\src\\normalCalls\\timeout.ts:54:13\n    at repeat (C:\\Users\\ulvi\\Desktop\\AppNationCase\\Backend\\node_modules\\google-gax\\src\\normalCalls\\retries.ts:104:19)\n    at C:\\Users\\ulvi\\Desktop\\AppNationCase\\Backend\\node_modules\\google-gax\\src\\normalCalls\\retries.ts:144:7\n    at OngoingCallPromise.call (C:\\Users\\ulvi\\Desktop\\AppNationCase\\Backend\\node_modules\\google-gax\\src\\call.ts:81:23)\n    at NormalApiCaller.call (C:\\Users\\ulvi\\Desktop\\AppNationCase\\Backend\\node_modules\\google-gax\\src\\normalCalls\\normalApiCaller.ts:43:15)\n    at C:\\Users\\ulvi\\Desktop\\AppNationCase\\Backend\\node_modules\\google-gax\\src\\createApiCall.ts:118:26\n    at processTicksAndRejections (node:internal/process/task_queues:95:5)\nCaused by: Error\n    at WriteBatch.commit (C:\\Users\\ulvi\\Desktop\\AppNationCase\\Backend\\node_modules\\@google-cloud\\firestore\\build\\src\\write-batch.js:433:23)\n    at DocumentReference.update (C:\\Users\\ulvi\\Desktop\\AppNationCase\\Backend\\node_modules\\@google-cloud\\firestore\\build\\src\\reference.js:431:14)\n    at ContentsRepository.updateContentById (C:\\Users\\ulvi\\Desktop\\AppNationCase\\Backend\\src\\repository\\contents-repository.ts:162:15)\n    at ContentController.updateContentById (C:\\Users\\ulvi\\Desktop\\AppNationCase\\Backend\\src\\controllers\\content-controller\\content-controller.ts:124:50)\n    at C:\\Users\\ulvi\\Desktop\\AppNationCase\\Backend\\src\\controllers\\index.ts:98:31\n    at Layer.handle [as handle_request] (C:\\Users\\ulvi\\Desktop\\AppNationCase\\Backend\\node_modules\\express\\lib\\router\\layer.js:95:5)\n    at next (C:\\Users\\ulvi\\Desktop\\AppNationCase\\Backend\\node_modules\\express\\lib\\router\\route.js:144:13)\n    at Route.dispatch (C:\\Users\\ulvi\\Desktop\\AppNationCase\\Backend\\node_modules\\express\\lib\\router\\route.js:114:3)\n    at Layer.handle [as handle_request] (C:\\Users\\ulvi\\Desktop\\AppNationCase\\Backend\\node_modules\\express\\lib\\router\\layer.js:95:5)\n    at C:\\Users\\ulvi\\Desktop\\AppNationCase\\Backend\\node_modules\\express\\lib\\router\\index.js:284:15"}
{"level":"error","message":"Error: 5 NOT_FOUND: No document to update: projects/appnationcase/databases/(default)/documents/contents/UXQFuDtlJrjcEYfmd6Po\n    at Object.callErrorFromStatus (C:\\Users\\ulvi\\Desktop\\AppNationCase\\Backend\\node_modules\\@grpc\\grpc-js\\src\\call.ts:81:17)\n    at Object.onReceiveStatus (C:\\Users\\ulvi\\Desktop\\AppNationCase\\Backend\\node_modules\\@grpc\\grpc-js\\src\\client.ts:358:36)\n    at Object.onReceiveStatus (C:\\Users\\ulvi\\Desktop\\AppNationCase\\Backend\\node_modules\\@grpc\\grpc-js\\src\\client-interceptors.ts:462:34)\n    at Object.onReceiveStatus (C:\\Users\\ulvi\\Desktop\\AppNationCase\\Backend\\node_modules\\@grpc\\grpc-js\\src\\client-interceptors.ts:424:48)\n    at C:\\Users\\ulvi\\Desktop\\AppNationCase\\Backend\\node_modules\\@grpc\\grpc-js\\src\\call-stream.ts:330:24\n    at processTicksAndRejections (node:internal/process/task_queues:77:11)\nfor call at\n    at ServiceClientImpl.makeUnaryRequest (C:\\Users\\ulvi\\Desktop\\AppNationCase\\Backend\\node_modules\\@grpc\\grpc-js\\src\\client.ts:328:30)\n    at ServiceClientImpl.<anonymous> (C:\\Users\\ulvi\\Desktop\\AppNationCase\\Backend\\node_modules\\@grpc\\grpc-js\\src\\make-client.ts:189:15)\n    at C:\\Users\\ulvi\\Desktop\\AppNationCase\\Backend\\node_modules\\@google-cloud\\firestore\\build\\src\\v1\\firestore_client.js:225:29\n    at C:\\Users\\ulvi\\Desktop\\AppNationCase\\Backend\\node_modules\\google-gax\\src\\normalCalls\\timeout.ts:54:13\n    at repeat (C:\\Users\\ulvi\\Desktop\\AppNationCase\\Backend\\node_modules\\google-gax\\src\\normalCalls\\retries.ts:104:19)\n    at C:\\Users\\ulvi\\Desktop\\AppNationCase\\Backend\\node_modules\\google-gax\\src\\normalCalls\\retries.ts:144:7\n    at OngoingCallPromise.call (C:\\Users\\ulvi\\Desktop\\AppNationCase\\Backend\\node_modules\\google-gax\\src\\call.ts:81:23)\n    at NormalApiCaller.call (C:\\Users\\ulvi\\Desktop\\AppNationCase\\Backend\\node_modules\\google-gax\\src\\normalCalls\\normalApiCaller.ts:43:15)\n    at C:\\Users\\ulvi\\Desktop\\AppNationCase\\Backend\\node_modules\\google-gax\\src\\createApiCall.ts:118:26\n    at processTicksAndRejections (node:internal/process/task_queues:95:5)\nCaused by: Error\n    at WriteBatch.commit (C:\\Users\\ulvi\\Desktop\\AppNationCase\\Backend\\node_modules\\@google-cloud\\firestore\\build\\src\\write-batch.js:433:23)\n    at DocumentReference.update (C:\\Users\\ulvi\\Desktop\\AppNationCase\\Backend\\node_modules\\@google-cloud\\firestore\\build\\src\\reference.js:431:14)\n    at ContentsRepository.updateContentById (C:\\Users\\ulvi\\Desktop\\AppNationCase\\Backend\\src\\repository\\contents-repository.ts:162:15)\n    at ContentController.updateContentById (C:\\Users\\ulvi\\Desktop\\AppNationCase\\Backend\\src\\controllers\\content-controller\\content-controller.ts:124:50)\n    at C:\\Users\\ulvi\\Desktop\\AppNationCase\\Backend\\src\\controllers\\index.ts:98:31\n    at Layer.handle [as handle_request] (C:\\Users\\ulvi\\Desktop\\AppNationCase\\Backend\\node_modules\\express\\lib\\router\\layer.js:95:5)\n    at next (C:\\Users\\ulvi\\Desktop\\AppNationCase\\Backend\\node_modules\\express\\lib\\router\\route.js:144:13)\n    at Route.dispatch (C:\\Users\\ulvi\\Desktop\\AppNationCase\\Backend\\node_modules\\express\\lib\\router\\route.js:114:3)\n    at Layer.handle [as handle_request] (C:\\Users\\ulvi\\Desktop\\AppNationCase\\Backend\\node_modules\\express\\lib\\router\\layer.js:95:5)\n    at C:\\Users\\ulvi\\Desktop\\AppNationCase\\Backend\\node_modules\\express\\lib\\router\\index.js:284:15"}
{"level":"error","message":"Error: 5 NOT_FOUND: No document to update: projects/appnationcase/databases/(default)/documents/contents/UXQFuDtlJrjcEYfmd6Po\n    at Object.callErrorFromStatus (C:\\Users\\ulvi\\Desktop\\AppNationCase\\Backend\\node_modules\\@grpc\\grpc-js\\src\\call.ts:81:17)\n    at Object.onReceiveStatus (C:\\Users\\ulvi\\Desktop\\AppNationCase\\Backend\\node_modules\\@grpc\\grpc-js\\src\\client.ts:358:36)\n    at Object.onReceiveStatus (C:\\Users\\ulvi\\Desktop\\AppNationCase\\Backend\\node_modules\\@grpc\\grpc-js\\src\\client-interceptors.ts:462:34)\n    at Object.onReceiveStatus (C:\\Users\\ulvi\\Desktop\\AppNationCase\\Backend\\node_modules\\@grpc\\grpc-js\\src\\client-interceptors.ts:424:48)\n    at C:\\Users\\ulvi\\Desktop\\AppNationCase\\Backend\\node_modules\\@grpc\\grpc-js\\src\\call-stream.ts:330:24\n    at processTicksAndRejections (node:internal/process/task_queues:77:11)\nfor call at\n    at ServiceClientImpl.makeUnaryRequest (C:\\Users\\ulvi\\Desktop\\AppNationCase\\Backend\\node_modules\\@grpc\\grpc-js\\src\\client.ts:328:30)\n    at ServiceClientImpl.<anonymous> (C:\\Users\\ulvi\\Desktop\\AppNationCase\\Backend\\node_modules\\@grpc\\grpc-js\\src\\make-client.ts:189:15)\n    at C:\\Users\\ulvi\\Desktop\\AppNationCase\\Backend\\node_modules\\@google-cloud\\firestore\\build\\src\\v1\\firestore_client.js:225:29\n    at C:\\Users\\ulvi\\Desktop\\AppNationCase\\Backend\\node_modules\\google-gax\\src\\normalCalls\\timeout.ts:54:13\n    at repeat (C:\\Users\\ulvi\\Desktop\\AppNationCase\\Backend\\node_modules\\google-gax\\src\\normalCalls\\retries.ts:104:19)\n    at C:\\Users\\ulvi\\Desktop\\AppNationCase\\Backend\\node_modules\\google-gax\\src\\normalCalls\\retries.ts:144:7\n    at OngoingCallPromise.call (C:\\Users\\ulvi\\Desktop\\AppNationCase\\Backend\\node_modules\\google-gax\\src\\call.ts:81:23)\n    at NormalApiCaller.call (C:\\Users\\ulvi\\Desktop\\AppNationCase\\Backend\\node_modules\\google-gax\\src\\normalCalls\\normalApiCaller.ts:43:15)\n    at C:\\Users\\ulvi\\Desktop\\AppNationCase\\Backend\\node_modules\\google-gax\\src\\createApiCall.ts:118:26\n    at processTicksAndRejections (node:internal/process/task_queues:95:5)\nCaused by: Error\n    at WriteBatch.commit (C:\\Users\\ulvi\\Desktop\\AppNationCase\\Backend\\node_modules\\@google-cloud\\firestore\\build\\src\\write-batch.js:433:23)\n    at DocumentReference.update (C:\\Users\\ulvi\\Desktop\\AppNationCase\\Backend\\node_modules\\@google-cloud\\firestore\\build\\src\\reference.js:431:14)\n    at ContentsRepository.updateContentById (C:\\Users\\ulvi\\Desktop\\AppNationCase\\Backend\\src\\repository\\contents-repository.ts:162:15)\n    at ContentController.updateContentById (C:\\Users\\ulvi\\Desktop\\AppNationCase\\Backend\\src\\controllers\\content-controller\\content-controller.ts:124:50)\n    at C:\\Users\\ulvi\\Desktop\\AppNationCase\\Backend\\src\\controllers\\index.ts:98:31\n    at Layer.handle [as handle_request] (C:\\Users\\ulvi\\Desktop\\AppNationCase\\Backend\\node_modules\\express\\lib\\router\\layer.js:95:5)\n    at next (C:\\Users\\ulvi\\Desktop\\AppNationCase\\Backend\\node_modules\\express\\lib\\router\\route.js:144:13)\n    at Route.dispatch (C:\\Users\\ulvi\\Desktop\\AppNationCase\\Backend\\node_modules\\express\\lib\\router\\route.js:114:3)\n    at Layer.handle [as handle_request] (C:\\Users\\ulvi\\Desktop\\AppNationCase\\Backend\\node_modules\\express\\lib\\router\\layer.js:95:5)\n    at C:\\Users\\ulvi\\Desktop\\AppNationCase\\Backend\\node_modules\\express\\lib\\router\\index.js:284:15"}
{"level":"error","message":"Error: 5 NOT_FOUND: No document to update: projects/appnationcase/databases/(default)/documents/contents/UXQFuDtlJrjcEYfmd6Po\n    at Object.callErrorFromStatus (C:\\Users\\ulvi\\Desktop\\AppNationCase\\Backend\\node_modules\\@grpc\\grpc-js\\src\\call.ts:81:17)\n    at Object.onReceiveStatus (C:\\Users\\ulvi\\Desktop\\AppNationCase\\Backend\\node_modules\\@grpc\\grpc-js\\src\\client.ts:358:36)\n    at Object.onReceiveStatus (C:\\Users\\ulvi\\Desktop\\AppNationCase\\Backend\\node_modules\\@grpc\\grpc-js\\src\\client-interceptors.ts:462:34)\n    at Object.onReceiveStatus (C:\\Users\\ulvi\\Desktop\\AppNationCase\\Backend\\node_modules\\@grpc\\grpc-js\\src\\client-interceptors.ts:424:48)\n    at C:\\Users\\ulvi\\Desktop\\AppNationCase\\Backend\\node_modules\\@grpc\\grpc-js\\src\\call-stream.ts:330:24\n    at processTicksAndRejections (node:internal/process/task_queues:77:11)\nfor call at\n    at ServiceClientImpl.makeUnaryRequest (C:\\Users\\ulvi\\Desktop\\AppNationCase\\Backend\\node_modules\\@grpc\\grpc-js\\src\\client.ts:328:30)\n    at ServiceClientImpl.<anonymous> (C:\\Users\\ulvi\\Desktop\\AppNationCase\\Backend\\node_modules\\@grpc\\grpc-js\\src\\make-client.ts:189:15)\n    at C:\\Users\\ulvi\\Desktop\\AppNationCase\\Backend\\node_modules\\@google-cloud\\firestore\\build\\src\\v1\\firestore_client.js:225:29\n    at C:\\Users\\ulvi\\Desktop\\AppNationCase\\Backend\\node_modules\\google-gax\\src\\normalCalls\\timeout.ts:54:13\n    at repeat (C:\\Users\\ulvi\\Desktop\\AppNationCase\\Backend\\node_modules\\google-gax\\src\\normalCalls\\retries.ts:104:19)\n    at C:\\Users\\ulvi\\Desktop\\AppNationCase\\Backend\\node_modules\\google-gax\\src\\normalCalls\\retries.ts:144:7\n    at OngoingCallPromise.call (C:\\Users\\ulvi\\Desktop\\AppNationCase\\Backend\\node_modules\\google-gax\\src\\call.ts:81:23)\n    at NormalApiCaller.call (C:\\Users\\ulvi\\Desktop\\AppNationCase\\Backend\\node_modules\\google-gax\\src\\normalCalls\\normalApiCaller.ts:43:15)\n    at C:\\Users\\ulvi\\Desktop\\AppNationCase\\Backend\\node_modules\\google-gax\\src\\createApiCall.ts:118:26\n    at processTicksAndRejections (node:internal/process/task_queues:95:5)\nCaused by: Error\n    at WriteBatch.commit (C:\\Users\\ulvi\\Desktop\\AppNationCase\\Backend\\node_modules\\@google-cloud\\firestore\\build\\src\\write-batch.js:433:23)\n    at DocumentReference.update (C:\\Users\\ulvi\\Desktop\\AppNationCase\\Backend\\node_modules\\@google-cloud\\firestore\\build\\src\\reference.js:431:14)\n    at ContentsRepository.updateContentById (C:\\Users\\ulvi\\Desktop\\AppNationCase\\Backend\\src\\repository\\contents-repository.ts:162:15)\n    at ContentController.updateContentById (C:\\Users\\ulvi\\Desktop\\AppNationCase\\Backend\\src\\controllers\\content-controller\\content-controller.ts:124:50)\n    at C:\\Users\\ulvi\\Desktop\\AppNationCase\\Backend\\src\\controllers\\index.ts:98:31\n    at Layer.handle [as handle_request] (C:\\Users\\ulvi\\Desktop\\AppNationCase\\Backend\\node_modules\\express\\lib\\router\\layer.js:95:5)\n    at next (C:\\Users\\ulvi\\Desktop\\AppNationCase\\Backend\\node_modules\\express\\lib\\router\\route.js:144:13)\n    at Route.dispatch (C:\\Users\\ulvi\\Desktop\\AppNationCase\\Backend\\node_modules\\express\\lib\\router\\route.js:114:3)\n    at Layer.handle [as handle_request] (C:\\Users\\ulvi\\Desktop\\AppNationCase\\Backend\\node_modules\\express\\lib\\router\\layer.js:95:5)\n    at C:\\Users\\ulvi\\Desktop\\AppNationCase\\Backend\\node_modules\\express\\lib\\router\\index.js:284:15"}
{"level":"error","message":"Error: 5 NOT_FOUND: No document to update: projects/appnationcase/databases/(default)/documents/contents/UXQFuDtlJrjcEYfmd6Po\n    at Object.callErrorFromStatus (C:\\Users\\ulvi\\Desktop\\AppNationCase\\Backend\\node_modules\\@grpc\\grpc-js\\src\\call.ts:81:17)\n    at Object.onReceiveStatus (C:\\Users\\ulvi\\Desktop\\AppNationCase\\Backend\\node_modules\\@grpc\\grpc-js\\src\\client.ts:358:36)\n    at Object.onReceiveStatus (C:\\Users\\ulvi\\Desktop\\AppNationCase\\Backend\\node_modules\\@grpc\\grpc-js\\src\\client-interceptors.ts:462:34)\n    at Object.onReceiveStatus (C:\\Users\\ulvi\\Desktop\\AppNationCase\\Backend\\node_modules\\@grpc\\grpc-js\\src\\client-interceptors.ts:424:48)\n    at C:\\Users\\ulvi\\Desktop\\AppNationCase\\Backend\\node_modules\\@grpc\\grpc-js\\src\\call-stream.ts:330:24\n    at processTicksAndRejections (node:internal/process/task_queues:77:11)\nfor call at\n    at ServiceClientImpl.makeUnaryRequest (C:\\Users\\ulvi\\Desktop\\AppNationCase\\Backend\\node_modules\\@grpc\\grpc-js\\src\\client.ts:328:30)\n    at ServiceClientImpl.<anonymous> (C:\\Users\\ulvi\\Desktop\\AppNationCase\\Backend\\node_modules\\@grpc\\grpc-js\\src\\make-client.ts:189:15)\n    at C:\\Users\\ulvi\\Desktop\\AppNationCase\\Backend\\node_modules\\@google-cloud\\firestore\\build\\src\\v1\\firestore_client.js:225:29\n    at C:\\Users\\ulvi\\Desktop\\AppNationCase\\Backend\\node_modules\\google-gax\\src\\normalCalls\\timeout.ts:54:13\n    at repeat (C:\\Users\\ulvi\\Desktop\\AppNationCase\\Backend\\node_modules\\google-gax\\src\\normalCalls\\retries.ts:104:19)\n    at C:\\Users\\ulvi\\Desktop\\AppNationCase\\Backend\\node_modules\\google-gax\\src\\normalCalls\\retries.ts:144:7\n    at OngoingCallPromise.call (C:\\Users\\ulvi\\Desktop\\AppNationCase\\Backend\\node_modules\\google-gax\\src\\call.ts:81:23)\n    at NormalApiCaller.call (C:\\Users\\ulvi\\Desktop\\AppNationCase\\Backend\\node_modules\\google-gax\\src\\normalCalls\\normalApiCaller.ts:43:15)\n    at C:\\Users\\ulvi\\Desktop\\AppNationCase\\Backend\\node_modules\\google-gax\\src\\createApiCall.ts:118:26\n    at processTicksAndRejections (node:internal/process/task_queues:95:5)\nCaused by: Error\n    at WriteBatch.commit (C:\\Users\\ulvi\\Desktop\\AppNationCase\\Backend\\node_modules\\@google-cloud\\firestore\\build\\src\\write-batch.js:433:23)\n    at DocumentReference.update (C:\\Users\\ulvi\\Desktop\\AppNationCase\\Backend\\node_modules\\@google-cloud\\firestore\\build\\src\\reference.js:431:14)\n    at ContentsRepository.updateContentById (C:\\Users\\ulvi\\Desktop\\AppNationCase\\Backend\\src\\repository\\contents-repository.ts:162:15)\n    at ContentController.updateContentById (C:\\Users\\ulvi\\Desktop\\AppNationCase\\Backend\\src\\controllers\\content-controller\\content-controller.ts:124:50)\n    at C:\\Users\\ulvi\\Desktop\\AppNationCase\\Backend\\src\\controllers\\index.ts:98:31\n    at Layer.handle [as handle_request] (C:\\Users\\ulvi\\Desktop\\AppNationCase\\Backend\\node_modules\\express\\lib\\router\\layer.js:95:5)\n    at next (C:\\Users\\ulvi\\Desktop\\AppNationCase\\Backend\\node_modules\\express\\lib\\router\\route.js:144:13)\n    at Route.dispatch (C:\\Users\\ulvi\\Desktop\\AppNationCase\\Backend\\node_modules\\express\\lib\\router\\route.js:114:3)\n    at Layer.handle [as handle_request] (C:\\Users\\ulvi\\Desktop\\AppNationCase\\Backend\\node_modules\\express\\lib\\router\\layer.js:95:5)\n    at C:\\Users\\ulvi\\Desktop\\AppNationCase\\Backend\\node_modules\\express\\lib\\router\\index.js:284:15"}
{"level":"error","message":"Error: 5 NOT_FOUND: No document to update: projects/appnationcase/databases/(default)/documents/contents/UXQFuDtlJrjcEYfmd6Po\n    at Object.callErrorFromStatus (C:\\Users\\ulvi\\Desktop\\AppNationCase\\Backend\\node_modules\\@grpc\\grpc-js\\src\\call.ts:81:17)\n    at Object.onReceiveStatus (C:\\Users\\ulvi\\Desktop\\AppNationCase\\Backend\\node_modules\\@grpc\\grpc-js\\src\\client.ts:358:36)\n    at Object.onReceiveStatus (C:\\Users\\ulvi\\Desktop\\AppNationCase\\Backend\\node_modules\\@grpc\\grpc-js\\src\\client-interceptors.ts:462:34)\n    at Object.onReceiveStatus (C:\\Users\\ulvi\\Desktop\\AppNationCase\\Backend\\node_modules\\@grpc\\grpc-js\\src\\client-interceptors.ts:424:48)\n    at C:\\Users\\ulvi\\Desktop\\AppNationCase\\Backend\\node_modules\\@grpc\\grpc-js\\src\\call-stream.ts:330:24\n    at processTicksAndRejections (node:internal/process/task_queues:77:11)\nfor call at\n    at ServiceClientImpl.makeUnaryRequest (C:\\Users\\ulvi\\Desktop\\AppNationCase\\Backend\\node_modules\\@grpc\\grpc-js\\src\\client.ts:328:30)\n    at ServiceClientImpl.<anonymous> (C:\\Users\\ulvi\\Desktop\\AppNationCase\\Backend\\node_modules\\@grpc\\grpc-js\\src\\make-client.ts:189:15)\n    at C:\\Users\\ulvi\\Desktop\\AppNationCase\\Backend\\node_modules\\@google-cloud\\firestore\\build\\src\\v1\\firestore_client.js:225:29\n    at C:\\Users\\ulvi\\Desktop\\AppNationCase\\Backend\\node_modules\\google-gax\\src\\normalCalls\\timeout.ts:54:13\n    at repeat (C:\\Users\\ulvi\\Desktop\\AppNationCase\\Backend\\node_modules\\google-gax\\src\\normalCalls\\retries.ts:104:19)\n    at C:\\Users\\ulvi\\Desktop\\AppNationCase\\Backend\\node_modules\\google-gax\\src\\normalCalls\\retries.ts:144:7\n    at OngoingCallPromise.call (C:\\Users\\ulvi\\Desktop\\AppNationCase\\Backend\\node_modules\\google-gax\\src\\call.ts:81:23)\n    at NormalApiCaller.call (C:\\Users\\ulvi\\Desktop\\AppNationCase\\Backend\\node_modules\\google-gax\\src\\normalCalls\\normalApiCaller.ts:43:15)\n    at C:\\Users\\ulvi\\Desktop\\AppNationCase\\Backend\\node_modules\\google-gax\\src\\createApiCall.ts:118:26\n    at processTicksAndRejections (node:internal/process/task_queues:95:5)\nCaused by: Error\n    at WriteBatch.commit (C:\\Users\\ulvi\\Desktop\\AppNationCase\\Backend\\node_modules\\@google-cloud\\firestore\\build\\src\\write-batch.js:433:23)\n    at DocumentReference.update (C:\\Users\\ulvi\\Desktop\\AppNationCase\\Backend\\node_modules\\@google-cloud\\firestore\\build\\src\\reference.js:431:14)\n    at ContentsRepository.updateContentById (C:\\Users\\ulvi\\Desktop\\AppNationCase\\Backend\\src\\repository\\contents-repository.ts:162:15)\n    at ContentController.updateContentById (C:\\Users\\ulvi\\Desktop\\AppNationCase\\Backend\\src\\controllers\\content-controller\\content-controller.ts:124:50)\n    at C:\\Users\\ulvi\\Desktop\\AppNationCase\\Backend\\src\\controllers\\index.ts:98:31\n    at Layer.handle [as handle_request] (C:\\Users\\ulvi\\Desktop\\AppNationCase\\Backend\\node_modules\\express\\lib\\router\\layer.js:95:5)\n    at next (C:\\Users\\ulvi\\Desktop\\AppNationCase\\Backend\\node_modules\\express\\lib\\router\\route.js:144:13)\n    at Route.dispatch (C:\\Users\\ulvi\\Desktop\\AppNationCase\\Backend\\node_modules\\express\\lib\\router\\route.js:114:3)\n    at Layer.handle [as handle_request] (C:\\Users\\ulvi\\Desktop\\AppNationCase\\Backend\\node_modules\\express\\lib\\router\\layer.js:95:5)\n    at C:\\Users\\ulvi\\Desktop\\AppNationCase\\Backend\\node_modules\\express\\lib\\router\\index.js:284:15"}
{"level":"error","message":"Error: 5 NOT_FOUND: No document to update: projects/appnationcase/databases/(default)/documents/contents/UXQFuDtlJrjcEYfmd6Po\n    at Object.callErrorFromStatus (C:\\Users\\ulvi\\Desktop\\AppNationCase\\Backend\\node_modules\\@grpc\\grpc-js\\src\\call.ts:81:17)\n    at Object.onReceiveStatus (C:\\Users\\ulvi\\Desktop\\AppNationCase\\Backend\\node_modules\\@grpc\\grpc-js\\src\\client.ts:358:36)\n    at Object.onReceiveStatus (C:\\Users\\ulvi\\Desktop\\AppNationCase\\Backend\\node_modules\\@grpc\\grpc-js\\src\\client-interceptors.ts:462:34)\n    at Object.onReceiveStatus (C:\\Users\\ulvi\\Desktop\\AppNationCase\\Backend\\node_modules\\@grpc\\grpc-js\\src\\client-interceptors.ts:424:48)\n    at C:\\Users\\ulvi\\Desktop\\AppNationCase\\Backend\\node_modules\\@grpc\\grpc-js\\src\\call-stream.ts:330:24\n    at processTicksAndRejections (node:internal/process/task_queues:77:11)\nfor call at\n    at ServiceClientImpl.makeUnaryRequest (C:\\Users\\ulvi\\Desktop\\AppNationCase\\Backend\\node_modules\\@grpc\\grpc-js\\src\\client.ts:328:30)\n    at ServiceClientImpl.<anonymous> (C:\\Users\\ulvi\\Desktop\\AppNationCase\\Backend\\node_modules\\@grpc\\grpc-js\\src\\make-client.ts:189:15)\n    at C:\\Users\\ulvi\\Desktop\\AppNationCase\\Backend\\node_modules\\@google-cloud\\firestore\\build\\src\\v1\\firestore_client.js:225:29\n    at C:\\Users\\ulvi\\Desktop\\AppNationCase\\Backend\\node_modules\\google-gax\\src\\normalCalls\\timeout.ts:54:13\n    at repeat (C:\\Users\\ulvi\\Desktop\\AppNationCase\\Backend\\node_modules\\google-gax\\src\\normalCalls\\retries.ts:104:19)\n    at C:\\Users\\ulvi\\Desktop\\AppNationCase\\Backend\\node_modules\\google-gax\\src\\normalCalls\\retries.ts:144:7\n    at OngoingCallPromise.call (C:\\Users\\ulvi\\Desktop\\AppNationCase\\Backend\\node_modules\\google-gax\\src\\call.ts:81:23)\n    at NormalApiCaller.call (C:\\Users\\ulvi\\Desktop\\AppNationCase\\Backend\\node_modules\\google-gax\\src\\normalCalls\\normalApiCaller.ts:43:15)\n    at C:\\Users\\ulvi\\Desktop\\AppNationCase\\Backend\\node_modules\\google-gax\\src\\createApiCall.ts:118:26\n    at processTicksAndRejections (node:internal/process/task_queues:95:5)\nCaused by: Error\n    at WriteBatch.commit (C:\\Users\\ulvi\\Desktop\\AppNationCase\\Backend\\node_modules\\@google-cloud\\firestore\\build\\src\\write-batch.js:433:23)\n    at DocumentReference.update (C:\\Users\\ulvi\\Desktop\\AppNationCase\\Backend\\node_modules\\@google-cloud\\firestore\\build\\src\\reference.js:431:14)\n    at ContentsRepository.updateContentById (C:\\Users\\ulvi\\Desktop\\AppNationCase\\Backend\\src\\repository\\contents-repository.ts:162:15)\n    at ContentController.updateContentById (C:\\Users\\ulvi\\Desktop\\AppNationCase\\Backend\\src\\controllers\\content-controller\\content-controller.ts:124:50)\n    at C:\\Users\\ulvi\\Desktop\\AppNationCase\\Backend\\src\\controllers\\index.ts:98:31\n    at Layer.handle [as handle_request] (C:\\Users\\ulvi\\Desktop\\AppNationCase\\Backend\\node_modules\\express\\lib\\router\\layer.js:95:5)\n    at next (C:\\Users\\ulvi\\Desktop\\AppNationCase\\Backend\\node_modules\\express\\lib\\router\\route.js:144:13)\n    at Route.dispatch (C:\\Users\\ulvi\\Desktop\\AppNationCase\\Backend\\node_modules\\express\\lib\\router\\route.js:114:3)\n    at Layer.handle [as handle_request] (C:\\Users\\ulvi\\Desktop\\AppNationCase\\Backend\\node_modules\\express\\lib\\router\\layer.js:95:5)\n    at C:\\Users\\ulvi\\Desktop\\AppNationCase\\Backend\\node_modules\\express\\lib\\router\\index.js:284:15"}
{"level":"debug","message":"⚡️[server]: Server is running at https://localhost:8080"}
{"level":"debug","message":"⚡️[server]: Server is running at https://localhost:8080"}
{"level":"debug","message":"⚡️[server]: Server is running at https://localhost:8080"}
{"level":"debug","message":"⚡️[server]: Server is running at https://localhost:8080"}
{"level":"debug","message":"⚡️[server]: Server is running at https://localhost:8080"}
{"level":"debug","message":"⚡️[server]: Server is running at https://localhost:8080"}
{"level":"debug","message":"⚡️[server]: Server is running at https://localhost:8080"}
{"level":"debug","message":"⚡️[server]: Server is running at https://localhost:8080"}
{"level":"debug","message":"⚡️[server]: Server is running at https://localhost:8080"}
{"level":"debug","message":"⚡️[server]: Server is running at https://localhost:8080"}
{"level":"debug","message":"⚡️[server]: Server is running at https://localhost:8080"}
{"level":"debug","message":"⚡️[server]: Server is running at https://localhost:8080"}
{"level":"debug","message":"⚡️[server]: Server is running at https://localhost:8080"}
{"level":"debug","message":"⚡️[server]: Server is running at https://localhost:8080"}
{"level":"debug","message":"⚡️[server]: Server is running at https://localhost:8080"}
{"level":"debug","message":"⚡️[server]: Server is running at https://localhost:8080"}
{"level":"debug","message":"⚡️[server]: Server is running at https://localhost:8080"}
{"level":"debug","message":"⚡️[server]: Server is running at https://localhost:8080"}
{"level":"debug","message":"⚡️[server]: Server is running at https://localhost:8080"}
{"level":"debug","message":"⚡️[server]: Server is running at https://localhost:8080"}
